Fri Jun 08 14:50:11 CEST 2018 : Apache Derby Network Server - 10.11.1.2 - (1629631) démarré et prêt à accepter les connexions sur le port 1527
----------------------------------------------------------------
Fri Jun 08 14:50:11 CEST 2018:
Amorçage de Derby version The Apache Software Foundation - Apache Derby - 10.11.1.2 - (1629631) : instance a816c00e-0163-df72-7909-ffffb596acf2 
dans le répertoire de base de données C:\Users\yannl\Desktop\J2EV3\spaceLib\SpaceLibDB avec le chargeur de classe sun.misc.Launcher$AppClassLoader@1d44bcfa
Chargé de file:/C:/Program%20Files/Java/jdk1.8.0_151/db/lib/derby.jar
java.vendor=Oracle Corporation
java.runtime.version=1.8.0_151-b12
user.dir=C:\Program Files\Java\jdk1.8.0_151\db
os.name=Windows 10
os.arch=amd64
os.version=10.0
derby.system.home=C:\Users\yannl\Desktop\J2EV3\spaceLib
Chargeur de classe de la base de données démarré - derby.database.classpath = ''
----------------------------------------------------------------
Fri Jun 08 14:50:19 CEST 2018:
Fermeture de l'instance a816c00e-0163-df72-7909-ffffb596acf2 sur le répertoire de base de données C:\Users\yannl\Desktop\J2EV3\spaceLib\SpaceLibDB avec le chargeur de classe sun.misc.Launcher$AppClassLoader@1d44bcfa 
Fri Jun 08 14:50:19 CEST 2018 Thread[DRDAConnThread_3,5,main] (DATABASE = SpaceLibDB), (DRDAID = {2}), Arrêt de la base de données 'SpaceLibDB'.
----------------------------------------------------------------
Fri Jun 08 14:50:24 CEST 2018:
Amorçage de Derby version The Apache Software Foundation - Apache Derby - 10.11.1.2 - (1629631) : instance a65c80ac-0163-df72-7909-ffffb596acf2 
dans le répertoire de base de données C:\Users\yannl\Desktop\J2EV3\spaceLib\SpaceLibDB avec le chargeur de classe sun.misc.Launcher$AppClassLoader@1d44bcfa
Chargé de file:/C:/Program%20Files/Java/jdk1.8.0_151/db/lib/derby.jar
java.vendor=Oracle Corporation
java.runtime.version=1.8.0_151-b12
user.dir=C:\Program Files\Java\jdk1.8.0_151\db
os.name=Windows 10
os.arch=amd64
os.version=10.0
derby.system.home=C:\Users\yannl\Desktop\J2EV3\spaceLib
Chargeur de classe de la base de données démarré - derby.database.classpath = ''
